This mapping 'snapshot_20171003' was designed for MC 1.12! Use at your own peril.This mapping 'snapshot_20171003' was designed for MC 1.12! Use at your own peril.

:deobfCompileDummyTask
:getVersionJson
:extractUserdev
:downloadClient SKIPPED
:downloadServer SKIPPED
:splitServerJar SKIPPED
:mergeJars SKIPPED
:applyBinaryPatches SKIPPED
:deobfProvidedDummyTask
:extractDependencyATs SKIPPED
:extractMcpData SKIPPED
:extractMcpMappings SKIPPED
:genSrgs SKIPPED
:deobfMcMCP SKIPPED
:sourceApiJava
:compileApiJava UP-TO-DATE
:processApiResources UP-TO-DATE
:apiClasses UP-TO-DATE
:generateMetadata
:sourceMainJava
:compileJavaNote: Reading extra plugin metadata from C:\Users\m1zark\IdeaProjects\1.12.2\pixelmoncommands\build\tmp\generateMetadata\mcmod.info
Note: Reading extra plugin metadata from C:\Users\m1zark\IdeaProjects\1.12.2\pixelmoncommands\src\main\resources\mcmod.info
Note: SpongePowered MIXIN Annotation Processor Version=0.7.4
Note: ObfuscationServiceMCP supports type: "searge"
Note: ObfuscationServiceMCP supports type: "notch"
Note: Writing plugin metadata to C:\Users\m1zark\IdeaProjects\1.12.2\pixelmoncommands\build\tmp\generateMetadata\mcmod.info
Note: Some input files use or override a deprecated API.
Note: Recompile with -Xlint:deprecation for details.
Note: Some input files use unchecked or unsafe operations.
Note: Recompile with -Xlint:unchecked for details.

:processResources UP-TO-DATE
:classes
:jar
:sourceTestJava
:compileTestJava UP-TO-DATE
:processTestResources UP-TO-DATE
:testClasses UP-TO-DATE
:test UP-TO-DATE
:reobfJar
:extractAnnotationsJar
:extractRangemapReplacedMain
C:\Users\m1zark\IdeaProjects\1.12.2\pixelmoncommands\build\sources\main\java
:retromapReplacedMain
remapping source...
:sourceJar
:assemble
:check UP-TO-DATE
:build

BUILD SUCCESSFUL

Total time: 14.162 secs
